JNIWithOpencvDemo/multi-image-selector/build/outputs/logs/manifest-merger-debug-report.txt
-- Merging decision tree log ---
manifest
ADDED from src/main/AndroidManifest.xml:1:1-15:12
INJECTED from src/main/AndroidManifest.xml:1:1-15:12
INJECTED from src/main/AndroidManifest.xml:1:1-15:12
INJECTED from src/main/AndroidManifest.xml:1:1-15:12
INJECTED from src/main/AndroidManifest.xml:1:1-15:12
INJECTED from src/main/AndroidManifest.xml:1:1-15:12
INJECTED from src/main/AndroidManifest.xml:1:1-15:12
	package
		ADDED from src/main/AndroidManifest.xml:2:5-44
		INJECTED from src/main/AndroidManifest.xml
		INJECTED from src/main/AndroidManifest.xml
	android:versionName
		INJECTED from src/main/AndroidManifest.xml
		ADDED from src/main/AndroidManifest.xml:1:1-15:12
		INJECTED from src/main/AndroidManifest.xml
	android:versionCode
		INJECTED from src/main/AndroidManifest.xml
		ADDED from src/main/AndroidManifest.xml:1:1-15:12
		INJECTED from src/main/AndroidManifest.xml
	xmlns:android
		ADDED from src/main/AndroidManifest.xml:1:11-69
uses-permission#android.permission.READ_EXTERNAL_STORAGE
ADDED from src/main/AndroidManifest.xml:4:5-80
	android:name
		ADDED from src/main/AndroidManifest.xml:4:22-77
uses-permission#android.permission.WRITE_EXTERNAL_STORAGE
ADDED from src/main/AndroidManifest.xml:5:5-81
	android:name
		ADDED from src/main/AndroidManifest.xml:5:22-78
application
ADDED from src/main/AndroidManifest.xml:7:5-13:19
	android:allowBackup
		ADDED from src/main/AndroidManifest.xml:7:18-44
activity#me.nereo.multi_image_selector.MultiImageSelectorActivity
ADDED from src/main/AndroidManifest.xml:9:9-11:87
	android:configChanges
		ADDED from src/main/AndroidManifest.xml:10:13-59
	android:name
		ADDED from src/main/AndroidManifest.xml:11:13-84
uses-sdk
INJECTED from src/main/AndroidManifest.xml reason: use-sdk injection requested
INJECTED from src/main/AndroidManifest.xml
INJECTED from src/main/AndroidManifest.xml
INJECTED from src/main/AndroidManifest.xml
INJECTED from src/main/AndroidManifest.xml
	android:targetSdkVersion
		INJECTED from src/main/AndroidManifest.xml
		ADDED from src/main/AndroidManifest.xml
		INJECTED from src/main/AndroidManifest.xml
	android:minSdkVersion
		INJECTED from src/main/AndroidManifest.xml
		ADDED from src/main/AndroidManifest.xml
		INJECTED from src/main/AndroidManifest.xml